<?xml version="1.0" encoding="UTF-8"?>
<!-- Generated by org.testng.reporters.JUnitReportReporter -->
<testsuite skipped="0" hostname="DESKTOP-71E4AV6" name="testcases.POST_Or_Create_A_Product" tests="1" failures="0" timestamp="04 Mar 2021 15:31:12 GMT" time="7.739" errors="0">
  <testcase name="create_A_Product" time="7.739" classname="testcases.POST_Or_Create_A_Product"/>
</testsuite> <!-- testcases.POST_Or_Create_A_Product -->
