<?xml version="1.0" encoding="UTF-8"?>
<!-- Generated by org.testng.reporters.JUnitReportReporter -->
<testsuite skipped="0" hostname="DESKTOP-71E4AV6" name="testcases.DELETE_A_Product" tests="1" failures="0" timestamp="2021-03-05T11:57:36 EST" time="8.407" errors="0">
  <testcase name="delete_A_Product" time="8.407" classname="testcases.DELETE_A_Product"/>
  <system-out/>
</testsuite> <!-- testcases.DELETE_A_Product -->
