<?xml version="1.0" encoding="UTF-8"?>
<!-- Generated by org.testng.reporters.JUnitReportReporter -->
<testsuite skipped="0" hostname="DESKTOP-71E4AV6" name="testcases.PUT_Or_Update_A_Product" tests="1" failures="0" timestamp="05 Mar 2021 15:51:22 GMT" time="8.499" errors="0">
  <testcase name="update_A_Product" time="8.499" classname="testcases.PUT_Or_Update_A_Product"/>
</testsuite> <!-- testcases.PUT_Or_Update_A_Product -->
